{"target": 5.166765548389969, "params": {"K": 0.2257956747519163}, "datetime": {"datetime": "2020-06-24 14:23:54", "elapsed": 0.0, "delta": 0.0}}
{"target": 5.166765548389969, "params": {"K": 0.2257956747519163}, "datetime": {"datetime": "2020-06-24 14:23:54", "elapsed": 0.000999, "delta": 0.000999}}
{"target": 5.166765548389969, "params": {"K": 0.2257956747519163}, "datetime": {"datetime": "2020-06-24 14:23:54", "elapsed": 0.001998, "delta": 0.000999}}
{"target": 5.166765548389969, "params": {"K": 0.2257956747519163}, "datetime": {"datetime": "2020-06-24 14:23:54", "elapsed": 0.001998, "delta": 0.0}}
{"target": 5.166765548389969, "params": {"K": 0.2257956747519163}, "datetime": {"datetime": "2020-06-24 14:23:54", "elapsed": 0.002998, "delta": 0.001}}
{"target": 4.932347868583777, "params": {"K": 0.009695068767479054}, "datetime": {"datetime": "2020-06-24 14:24:05", "elapsed": 10.764384, "delta": 10.761386}}
{"target": 3.787166580991365, "params": {"K": 0.7318095679086145}, "datetime": {"datetime": "2020-06-24 14:24:15", "elapsed": 21.161993, "delta": 10.397609}}
{"target": 2.5378921932801206, "params": {"K": 0.2287882856239709}, "datetime": {"datetime": "2020-06-24 14:24:26", "elapsed": 31.593581, "delta": 10.431588}}
{"target": 5.688913302377065, "params": {"K": 0.22189751479211606}, "datetime": {"datetime": "2020-06-24 14:24:36", "elapsed": 42.243034, "delta": 10.649453}}
{"target": 4.401534957329555, "params": {"K": 0.008265504977600369}, "datetime": {"datetime": "2020-06-24 14:24:46", "elapsed": 52.462754, "delta": 10.21972}}
{"target": 3.02789726321087, "params": {"K": 5.808833366055721}, "datetime": {"datetime": "2020-06-24 14:24:57", "elapsed": 62.611514, "delta": 10.14876}}
{"target": 1.973652320629769, "params": {"K": 5.804199140315303}, "datetime": {"datetime": "2020-06-24 14:25:07", "elapsed": 72.735293, "delta": 10.123779}}
{"target": 4.591264907722441, "params": {"K": 5.805390300023094}, "datetime": {"datetime": "2020-06-24 14:25:17", "elapsed": 82.87306, "delta": 10.137767}}
{"target": 3.8849163790133705, "params": {"K": 5.8100059670784905}, "datetime": {"datetime": "2020-06-24 14:25:27", "elapsed": 92.998836, "delta": 10.125776}}
{"target": 3.4479191477174624, "params": {"K": 0.22138116705759936}, "datetime": {"datetime": "2020-06-24 14:25:37", "elapsed": 103.4714, "delta": 10.472564}}
